2026-04-26 10:02:03 | ERROR    | core.exceptions:generic_exception_handler:63 | Unhandled error at /api/pipeline/run: 12 validation errors:
  {'type': 'missing', 'loc': ('response', 'hospitals', 0, 'city'), 'msg': 'Field required', 'input': {'id': 'h-001', 'name': 'Apollo Gleneagles', 'tier': 'premium', 'distance_km': 13.2, 'base_rate': 4500, 'success_rate': 0.96, 'wait_time_mins': 15, 'rating': 4.8, 'specialties': ['Neurology', 'Cardiology', 'Orthopedics'], 'score': 0.8022, 'score_breakdown': {'specialization': 1.0, 'cost_fit': 0.6, 'distance': 0.56, 'rating': 0.95}, 'cost_estimate': {'min': 54974, 'estimate': 64676, 'max': 74377, 'currency': 'INR', 'estimated_days': 12, 'breakdown': {'Room & Board': 24577, 'Diagnostics & Labs': 14229, 'Medication': 9055, 'Procedures & Surgery': 12935, 'Consultation Fees': 3881}, 'model_confidence': 0.857, 'disclaimer': 'Estimates based on average costs. Actual may vary. Get formal quote from hospital.'}}}
  {'type': 'missing', 'loc': ('response', 'hospitals', 0, 'er_capable'), 'msg': 'Field required', 'input': {'id': 'h-001', 'name': 'Apollo Gleneagles', 'tier': 'premium', 'distance_km': 13.2, 'base_rate': 4500, 'success_rate': 0.96, 'wait_time_mins': 15, 'rating': 4.8, 'specialties': ['Neurology', 'Cardiology', 'Orthopedics'], 'score': 0.8022, 'score_breakdown': {'specialization': 1.0, 'cost_fit': 0.6, 'distance': 0.56, 'rating': 0.95}, 'cost_estimate': {'min': 54974, 'estimate': 64676, 'max': 74377, 'currency': 'INR', 'estimated_days': 12, 'breakdown': {'Room & Board': 24577, 'Diagnostics & Labs': 14229, 'Medication': 9055, 'Procedures & Surgery': 12935, 'Consultation Fees': 3881}, 'model_confidence': 0.857, 'disclaimer': 'Estimates based on average costs. Actual may vary. Get formal quote from hospital.'}}}
  {'type': 'missing', 'loc': ('response', 'hospitals', 0, 'nabl_certified'), 'msg': 'Field required', 'input': {'id': 'h-001', 'name': 'Apollo Gleneagles', 'tier': 'premium', 'distance_km': 13.2, 'base_rate': 4500, 'success_rate': 0.96, 'wait_time_mins': 15, 'rating': 4.8, 'specialties': ['Neurology', 'Cardiology', 'Orthopedics'], 'score': 0.8022, 'score_breakdown': {'specialization': 1.0, 'cost_fit': 0.6, 'distance': 0.56, 'rating': 0.95}, 'cost_estimate': {'min': 54974, 'estimate': 64676, 'max': 74377, 'currency': 'INR', 'estimated_days': 12, 'breakdown': {'Room & Board': 24577, 'Diagnostics & Labs': 14229, 'Medication': 9055, 'Procedures & Surgery': 12935, 'Consultation Fees': 3881}, 'model_confidence': 0.857, 'disclaimer': 'Estimates based on average costs. Actual may vary. Get formal quote from hospital.'}}}
  {'type': 'missing', 'loc': ('response', 'hospitals', 0, 'jci_certified'), 'msg': 'Field required', 'input': {'id': 'h-001', 'name': 'Apollo Gleneagles', 'tier': 'premium', 'distance_km': 13.2, 'base_rate': 4500, 'success_rate': 0.96, 'wait_time_mins': 15, 'rating': 4.8, 'specialties': ['Neurology', 'Cardiology', 'Orthopedics'], 'score': 0.8022, 'score_breakdown': {'specialization': 1.0, 'cost_fit': 0.6, 'distance': 0.56, 'rating': 0.95}, 'cost_estimate': {'min': 54974, 'estimate': 64676, 'max': 74377, 'currency': 'INR', 'estimated_days': 12, 'breakdown': {'Room & Board': 24577, 'Diagnostics & Labs': 14229, 'Medication': 9055, 'Procedures & Surgery': 12935, 'Consultation Fees': 3881}, 'model_confidence': 0.857, 'disclaimer': 'Estimates based on average costs. Actual may vary. Get formal quote from hospital.'}}}
  {'type': 'missing', 'loc': ('response', 'hospitals', 1, 'city'), 'msg': 'Field required', 'input': {'id': 'h-002', 'name': 'Fortis Hospital', 'tier': 'super_specialty', 'distance_km': 5.8, 'base_rate': 3200, 'success_rate': 0.94, 'wait_time_mins': 25, 'rating': 4.6, 'specialties': ['Neurology', 'General Medicine'], 'score': 0.4821, 'score_breakdown': {'specialization': 0.0, 'cost_fit': 0.6, 'distance': 0.806, 'rating': 0.9}, 'cost_estimate': {'min': 54951, 'estimate': 64648, 'max': 74346, 'currency': 'INR', 'estimated_days': 12, 'breakdown': {'Room & Board': 24566, 'Diagnostics & Labs': 14223, 'Medication': 9051, 'Procedures & Surgery': 12930, 'Consultation Fees': 3879}, 'model_confidence': 0.847, 'disclaimer': 'Estimates based on average costs. Actual may vary. Get formal quote from hospital.'}}}
  {'type': 'missing', 'loc': ('response', 'hospitals', 1, 'er_capable'), 'msg': 'Field required', 'input': {'id': 'h-002', 'name': 'Fortis Hospital', 'tier': 'super_specialty', 'distance_km': 5.8, 'base_rate': 3200, 'success_rate': 0.94, 'wait_time_mins': 25, 'rating': 4.6, 'specialties': ['Neurology', 'General Medicine'], 'score': 0.4821, 'score_breakdown': {'specialization': 0.0, 'cost_fit': 0.6, 'distance': 0.806, 'rating': 0.9}, 'cost_estimate': {'min': 54951, 'estimate': 64648, 'max': 74346, 'currency': 'INR', 'estimated_days': 12, 'breakdown': {'Room & Board': 24566, 'Diagnostics & Labs': 14223, 'Medication': 9051, 'Procedures & Surgery': 12930, 'Consultation Fees': 3879}, 'model_confidence': 0.847, 'disclaimer': 'Estimates based on average costs. Actual may vary. Get formal quote from hospital.'}}}
  {'type': 'missing', 'loc': ('response', 'hospitals', 1, 'nabl_certified'), 'msg': 'Field required', 'input': {'id': 'h-002', 'name': 'Fortis Hospital', 'tier': 'super_specialty', 'distance_km': 5.8, 'base_rate': 3200, 'success_rate': 0.94, 'wait_time_mins': 25, 'rating': 4.6, 'specialties': ['Neurology', 'General Medicine'], 'score': 0.4821, 'score_breakdown': {'specialization': 0.0, 'cost_fit': 0.6, 'distance': 0.806, 'rating': 0.9}, 'cost_estimate': {'min': 54951, 'estimate': 64648, 'max': 74346, 'currency': 'INR', 'estimated_days': 12, 'breakdown': {'Room & Board': 24566, 'Diagnostics & Labs': 14223, 'Medication': 9051, 'Procedures & Surgery': 12930, 'Consultation Fees': 3879}, 'model_confidence': 0.847, 'disclaimer': 'Estimates based on average costs. Actual may vary. Get formal quote from hospital.'}}}
  {'type': 'missing', 'loc': ('response', 'hospitals', 1, 'jci_certified'), 'msg': 'Field required', 'input': {'id': 'h-002', 'name': 'Fortis Hospital', 'tier': 'super_specialty', 'distance_km': 5.8, 'base_rate': 3200, 'success_rate': 0.94, 'wait_time_mins': 25, 'rating': 4.6, 'specialties': ['Neurology', 'General Medicine'], 'score': 0.4821, 'score_breakdown': {'specialization': 0.0, 'cost_fit': 0.6, 'distance': 0.806, 'rating': 0.9}, 'cost_estimate': {'min': 54951, 'estimate': 64648, 'max': 74346, 'currency': 'INR', 'estimated_days': 12, 'breakdown': {'Room & Board': 24566, 'Diagnostics & Labs': 14223, 'Medication': 9051, 'Procedures & Surgery': 12930, 'Consultation Fees': 3879}, 'model_confidence': 0.847, 'disclaimer': 'Estimates based on average costs. Actual may vary. Get formal quote from hospital.'}}}
  {'type': 'missing', 'loc': ('response', 'hospitals', 2, 'city'), 'msg': 'Field required', 'input': {'id': 'h-003', 'name': 'City Care Clinic', 'tier': 'clinic', 'distance_km': 10.0, 'base_rate': 800, 'success_rate': 0.88, 'wait_time_mins': 5, 'rating': 4.2, 'specialties': ['General Medicine'], 'score': 0.4396, 'score_breakdown': {'specialization': 0.0, 'cost_fit': 0.6, 'distance': 0.667, 'rating': 0.8}, 'cost_estimate': {'min': 55165, 'estimate': 64900, 'max': 74635, 'currency': 'INR', 'estimated_days': 12, 'breakdown': {'Room & Board': 24662, 'Diagnostics & Labs': 14278, 'Medication': 9086, 'Procedures & Surgery': 12980, 'Consultation Fees': 3894}, 'model_confidence': 0.708, 'disclaimer': 'Estimates based on average costs. Actual may vary. Get formal quote from hospital.'}}}
  {'type': 'missing', 'loc': ('response', 'hospitals', 2, 'er_capable'), 'msg': 'Field required', 'input': {'id': 'h-003', 'name': 'City Care Clinic', 'tier': 'clinic', 'distance_km': 10.0, 'base_rate': 800, 'success_rate': 0.88, 'wait_time_mins': 5, 'rating': 4.2, 'specialties': ['General Medicine'], 'score': 0.4396, 'score_breakdown': {'specialization': 0.0, 'cost_fit': 0.6, 'distance': 0.667, 'rating': 0.8}, 'cost_estimate': {'min': 55165, 'estimate': 64900, 'max': 74635, 'currency': 'INR', 'estimated_days': 12, 'breakdown': {'Room & Board': 24662, 'Diagnostics & Labs': 14278, 'Medication': 9086, 'Procedures & Surgery': 12980, 'Consultation Fees': 3894}, 'model_confidence': 0.708, 'disclaimer': 'Estimates based on average costs. Actual may vary. Get formal quote from hospital.'}}}
  {'type': 'missing', 'loc': ('response', 'hospitals', 2, 'nabl_certified'), 'msg': 'Field required', 'input': {'id': 'h-003', 'name': 'City Care Clinic', 'tier': 'clinic', 'distance_km': 10.0, 'base_rate': 800, 'success_rate': 0.88, 'wait_time_mins': 5, 'rating': 4.2, 'specialties': ['General Medicine'], 'score': 0.4396, 'score_breakdown': {'specialization': 0.0, 'cost_fit': 0.6, 'distance': 0.667, 'rating': 0.8}, 'cost_estimate': {'min': 55165, 'estimate': 64900, 'max': 74635, 'currency': 'INR', 'estimated_days': 12, 'breakdown': {'Room & Board': 24662, 'Diagnostics & Labs': 14278, 'Medication': 9086, 'Procedures & Surgery': 12980, 'Consultation Fees': 3894}, 'model_confidence': 0.708, 'disclaimer': 'Estimates based on average costs. Actual may vary. Get formal quote from hospital.'}}}
  {'type': 'missing', 'loc': ('response', 'hospitals', 2, 'jci_certified'), 'msg': 'Field required', 'input': {'id': 'h-003', 'name': 'City Care Clinic', 'tier': 'clinic', 'distance_km': 10.0, 'base_rate': 800, 'success_rate': 0.88, 'wait_time_mins': 5, 'rating': 4.2, 'specialties': ['General Medicine'], 'score': 0.4396, 'score_breakdown': {'specialization': 0.0, 'cost_fit': 0.6, 'distance': 0.667, 'rating': 0.8}, 'cost_estimate': {'min': 55165, 'estimate': 64900, 'max': 74635, 'currency': 'INR', 'estimated_days': 12, 'breakdown': {'Room & Board': 24662, 'Diagnostics & Labs': 14278, 'Medication': 9086, 'Procedures & Surgery': 12980, 'Consultation Fees': 3894}, 'model_confidence': 0.708, 'disclaimer': 'Estimates based on average costs. Actual may vary. Get formal quote from hospital.'}}}

  File "C:\Healix\backend\api\pipeline.py", line 15, in run
    POST /api/pipeline/run
Traceback (most recent call last):

  File "<frozen runpy>", line 198, in _run_module_as_main
  File "<frozen runpy>", line 88, in _run_code

  File "C:\Users\jabba\AppData\Local\Programs\Python\Python311\Scripts\uvicorn.exe\__main__.py", line 5, in <module>

  File "C:\Users\jabba\AppData\Local\Programs\Python\Python311\Lib\site-packages\click\core.py", line 1485, in __call__
    return self.main(*args, **kwargs)
           │    │     │       └ {}
           │    │     └ ()
           │    └ <function Command.main at 0x00000240CEF42CA0>
           └ <Command main>
  File "C:\Users\jabba\AppData\Local\Programs\Python\Python311\Lib\site-packages\click\core.py", line 1406, in main
    rv = self.invoke(ctx)
         │    │      └ <click.core.Context object at 0x00000240CC8C8CD0>
         │    └ <function Command.invoke at 0x00000240CEF42980>
         └ <Command main>
  File "C:\Users\jabba\AppData\Local\Programs\Python\Python311\Lib\site-packages\click\core.py", line 1269, in invoke
    return ctx.invoke(self.callback, **ctx.params)
           │   │      │    │           │   └ {'port': 8000, 'app': 'main:app', 'host': '127.0.0.1', 'uds': None, 'fd': None, 'reload': False, 'reload_dirs': (), 'reload_i...
           │   │      │    │           └ <click.core.Context object at 0x00000240CC8C8CD0>
           │   │      │    └ <function main at 0x00000240CF19C540>
           │   │      └ <Command main>
           │   └ <function Context.invoke at 0x00000240CEF41BC0>
           └ <click.core.Context object at 0x00000240CC8C8CD0>
  File "C:\Users\jabba\AppData\Local\Programs\Python\Python311\Lib\site-packages\click\core.py", line 824, in invoke
    return callback(*args, **kwargs)
           │         │       └ {'port': 8000, 'app': 'main:app', 'host': '127.0.0.1', 'uds': None, 'fd': None, 'reload': False, 'reload_dirs': (), 'reload_i...
           │         └ ()
           └ <function main at 0x00000240CF19C540>
  File "C:\Users\jabba\AppData\Local\Programs\Python\Python311\Lib\site-packages\uvicorn\main.py", line 433, in main
    run(
    └ <function run at 0x00000240CEF93EC0>
  File "C:\Users\jabba\AppData\Local\Programs\Python\Python311\Lib\site-packages\uvicorn\main.py", line 606, in run
    server.run()
    │      └ <function Server.run at 0x00000240CEFE3E20>
    └ <uvicorn.server.Server object at 0x00000240CEF02B90>
  File "C:\Users\jabba\AppData\Local\Programs\Python\Python311\Lib\site-packages\uvicorn\server.py", line 75, in run
    return asyncio_run(self.serve(sockets=sockets), loop_factory=self.config.get_loop_factory())
           │           │    │             │                      │    │      └ <function Config.get_loop_factory at 0x00000240CEF916C0>
           │           │    │             │                      │    └ <uvicorn.config.Config object at 0x00000240CF1A3C10>
           │           │    │             │                      └ <uvicorn.server.Server object at 0x00000240CEF02B90>
           │           │    │             └ None
           │           │    └ <function Server.serve at 0x00000240CEFE3EC0>
           │           └ <uvicorn.server.Server object at 0x00000240CEF02B90>
           └ <function asyncio_run at 0x00000240CEF49C60>
  File "C:\Users\jabba\AppData\Local\Programs\Python\Python311\Lib\site-packages\uvicorn\_compat.py", line 30, in asyncio_run
    return runner.run(main)
           │      │   └ <coroutine object Server.serve at 0x00000240CF198400>
           │      └ <function Runner.run at 0x00000240CE87B880>
           └ <asyncio.runners.Runner object at 0x00000240CF1A7750>
  File "C:\Users\jabba\AppData\Local\Programs\Python\Python311\Lib\asyncio\runners.py", line 118, in run
    return self._loop.run_until_complete(task)
           │    │     │                  └ <Task pending name='Task-1' coro=<Server.serve() running at C:\Users\jabba\AppData\Local\Programs\Python\Python311\Lib\site-p...
           │    │     └ <function BaseEventLoop.run_until_complete at 0x00000240CE8793A0>
           │    └ <ProactorEventLoop running=True closed=False debug=False>
           └ <asyncio.runners.Runner object at 0x00000240CF1A7750>
  File "C:\Users\jabba\AppData\Local\Programs\Python\Python311\Lib\asyncio\base_events.py", line 640, in run_until_complete
    self.run_forever()
    │    └ <function ProactorEventLoop.run_forever at 0x00000240CE949300>
    └ <ProactorEventLoop running=True closed=False debug=False>
  File "C:\Users\jabba\AppData\Local\Programs\Python\Python311\Lib\asyncio\windows_events.py", line 321, in run_forever
    super().run_forever()
  File "C:\Users\jabba\AppData\Local\Programs\Python\Python311\Lib\asyncio\base_events.py", line 607, in run_forever
    self._run_once()
    │    └ <function BaseEventLoop._run_once at 0x00000240CE87B100>
    └ <ProactorEventLoop running=True closed=False debug=False>
  File "C:\Users\jabba\AppData\Local\Programs\Python\Python311\Lib\asyncio\base_events.py", line 1922, in _run_once
    handle._run()
    │      └ <function Handle._run at 0x00000240CE7D0900>
    └ <Handle Task.task_wakeup(<Future finished result=None>)>
  File "C:\Users\jabba\AppData\Local\Programs\Python\Python311\Lib\asyncio\events.py", line 80, in _run
    self._context.run(self._callback, *self._args)
    │    │            │    │           │    └ <member '_args' of 'Handle' objects>
    │    │            │    │           └ <Handle Task.task_wakeup(<Future finished result=None>)>
    │    │            │    └ <member '_callback' of 'Handle' objects>
    │    │            └ <Handle Task.task_wakeup(<Future finished result=None>)>
    │    └ <member '_context' of 'Handle' objects>
    └ <Handle Task.task_wakeup(<Future finished result=None>)>
  File "C:\Users\jabba\AppData\Local\Programs\Python\Python311\Lib\site-packages\uvicorn\protocols\http\h11_impl.py", line 410, in run_asgi
    result = await app(  # type: ignore[func-returns-value]
                   └ <uvicorn.middleware.proxy_headers.ProxyHeadersMiddleware object at 0x00000240CF1A5650>
  File "C:\Users\jabba\AppData\Local\Programs\Python\Python311\Lib\site-packages\uvicorn\middleware\proxy_headers.py", line 60, in __call__
    return await self.app(scope, receive, send)
                 │    │   │      │        └ <bound method RequestResponseCycle.send of <uvicorn.protocols.http.h11_impl.RequestResponseCycle object at 0x00000240D270CA10>>
                 │    │   │      └ <bound method RequestResponseCycle.receive of <uvicorn.protocols.http.h11_impl.RequestResponseCycle object at 0x00000240D270C...
                 │    │   └ {'type': 'http', 'asgi': {'version': '3.0', 'spec_version': '2.3'}, 'http_version': '1.1', 'server': ('127.0.0.1', 8000), 'cl...
                 │    └ <fastapi.applications.FastAPI object at 0x00000240D02C87D0>
                 └ <uvicorn.middleware.proxy_headers.ProxyHeadersMiddleware object at 0x00000240CF1A5650>
  File "C:\Users\jabba\AppData\Local\Programs\Python\Python311\Lib\site-packages\fastapi\applications.py", line 1159, in __call__
    await super().__call__(scope, receive, send)
                           │      │        └ <bound method RequestResponseCycle.send of <uvicorn.protocols.http.h11_impl.RequestResponseCycle object at 0x00000240D270CA10>>
                           │      └ <bound method RequestResponseCycle.receive of <uvicorn.protocols.http.h11_impl.RequestResponseCycle object at 0x00000240D270C...
                           └ {'type': 'http', 'asgi': {'version': '3.0', 'spec_version': '2.3'}, 'http_version': '1.1', 'server': ('127.0.0.1', 8000), 'cl...
  File "C:\Users\jabba\AppData\Local\Programs\Python\Python311\Lib\site-packages\starlette\applications.py", line 107, in __call__
    await self.middleware_stack(scope, receive, send)
          │    │                │      │        └ <bound method RequestResponseCycle.send of <uvicorn.protocols.http.h11_impl.RequestResponseCycle object at 0x00000240D270CA10>>
          │    │                │      └ <bound method RequestResponseCycle.receive of <uvicorn.protocols.http.h11_impl.RequestResponseCycle object at 0x00000240D270C...
          │    │                └ {'type': 'http', 'asgi': {'version': '3.0', 'spec_version': '2.3'}, 'http_version': '1.1', 'server': ('127.0.0.1', 8000), 'cl...
          │    └ <starlette.middleware.errors.ServerErrorMiddleware object at 0x00000240D25EF4D0>
          └ <fastapi.applications.FastAPI object at 0x00000240D02C87D0>
> File "C:\Users\jabba\AppData\Local\Programs\Python\Python311\Lib\site-packages\starlette\middleware\errors.py", line 164, in __call__
    await self.app(scope, receive, _send)
          │    │   │      │        └ <function ServerErrorMiddleware.__call__.<locals>._send at 0x00000240D2705300>
          │    │   │      └ <bound method RequestResponseCycle.receive of <uvicorn.protocols.http.h11_impl.RequestResponseCycle object at 0x00000240D270C...
          │    │   └ {'type': 'http', 'asgi': {'version': '3.0', 'spec_version': '2.3'}, 'http_version': '1.1', 'server': ('127.0.0.1', 8000), 'cl...
          │    └ <starlette.middleware.gzip.GZipMiddleware object at 0x00000240D25EF250>
          └ <starlette.middleware.errors.ServerErrorMiddleware object at 0x00000240D25EF4D0>
  File "C:\Users\jabba\AppData\Local\Programs\Python\Python311\Lib\site-packages\starlette\middleware\gzip.py", line 29, in __call__
    await responder(scope, receive, send)
          │         │      │        └ <function ServerErrorMiddleware.__call__.<locals>._send at 0x00000240D2705300>
          │         │      └ <bound method RequestResponseCycle.receive of <uvicorn.protocols.http.h11_impl.RequestResponseCycle object at 0x00000240D270C...
          │         └ {'type': 'http', 'asgi': {'version': '3.0', 'spec_version': '2.3'}, 'http_version': '1.1', 'server': ('127.0.0.1', 8000), 'cl...
          └ <starlette.middleware.gzip.IdentityResponder object at 0x00000240D270CC10>
  File "C:\Users\jabba\AppData\Local\Programs\Python\Python311\Lib\site-packages\starlette\middleware\gzip.py", line 46, in __call__
    await self.app(scope, receive, self.send_with_compression)
          │    │   │      │        │    └ <function IdentityResponder.send_with_compression at 0x00000240D0261760>
          │    │   │      │        └ <starlette.middleware.gzip.IdentityResponder object at 0x00000240D270CC10>
          │    │   │      └ <bound method RequestResponseCycle.receive of <uvicorn.protocols.http.h11_impl.RequestResponseCycle object at 0x00000240D270C...
          │    │   └ {'type': 'http', 'asgi': {'version': '3.0', 'spec_version': '2.3'}, 'http_version': '1.1', 'server': ('127.0.0.1', 8000), 'cl...
          │    └ <starlette.middleware.cors.CORSMiddleware object at 0x00000240D25EF190>
          └ <starlette.middleware.gzip.IdentityResponder object at 0x00000240D270CC10>
  File "C:\Users\jabba\AppData\Local\Programs\Python\Python311\Lib\site-packages\starlette\middleware\cors.py", line 87, in __call__
    await self.app(scope, receive, send)
          │    │   │      │        └ <bound method IdentityResponder.send_with_compression of <starlette.middleware.gzip.IdentityResponder object at 0x00000240D27...
          │    │   │      └ <bound method RequestResponseCycle.receive of <uvicorn.protocols.http.h11_impl.RequestResponseCycle object at 0x00000240D270C...
          │    │   └ {'type': 'http', 'asgi': {'version': '3.0', 'spec_version': '2.3'}, 'http_version': '1.1', 'server': ('127.0.0.1', 8000), 'cl...
          │    └ <starlette.middleware.exceptions.ExceptionMiddleware object at 0x00000240D0119D90>
          └ <starlette.middleware.cors.CORSMiddleware object at 0x00000240D25EF190>
  File "C:\Users\jabba\AppData\Local\Programs\Python\Python311\Lib\site-packages\starlette\middleware\exceptions.py", line 63, in __call__
    await wrap_app_handling_exceptions(self.app, conn)(scope, receive, send)
          │                            │    │    │     │      │        └ <bound method IdentityResponder.send_with_compression of <starlette.middleware.gzip.IdentityResponder object at 0x00000240D27...
          │                            │    │    │     │      └ <bound method RequestResponseCycle.receive of <uvicorn.protocols.http.h11_impl.RequestResponseCycle object at 0x00000240D270C...
          │                            │    │    │     └ {'type': 'http', 'asgi': {'version': '3.0', 'spec_version': '2.3'}, 'http_version': '1.1', 'server': ('127.0.0.1', 8000), 'cl...
          │                            │    │    └ <starlette.requests.Request object at 0x00000240D270CD10>
          │                            │    └ <fastapi.middleware.asyncexitstack.AsyncExitStackMiddleware object at 0x00000240D25EF110>
          │                            └ <starlette.middleware.exceptions.ExceptionMiddleware object at 0x00000240D0119D90>
          └ <function wrap_app_handling_exceptions at 0x00000240D017A520>
  File "C:\Users\jabba\AppData\Local\Programs\Python\Python311\Lib\site-packages\starlette\_exception_handler.py", line 53, in wrapped_app
    raise exc
  File "C:\Users\jabba\AppData\Local\Programs\Python\Python311\Lib\site-packages\starlette\_exception_handler.py", line 42, in wrapped_app
    await app(scope, receive, sender)
          │   │      │        └ <function wrap_app_handling_exceptions.<locals>.wrapped_app.<locals>.sender at 0x00000240D2705BC0>
          │   │      └ <bound method RequestResponseCycle.receive of <uvicorn.protocols.http.h11_impl.RequestResponseCycle object at 0x00000240D270C...
          │   └ {'type': 'http', 'asgi': {'version': '3.0', 'spec_version': '2.3'}, 'http_version': '1.1', 'server': ('127.0.0.1', 8000), 'cl...
          └ <fastapi.middleware.asyncexitstack.AsyncExitStackMiddleware object at 0x00000240D25EF110>
  File "C:\Users\jabba\AppData\Local\Programs\Python\Python311\Lib\site-packages\fastapi\middleware\asyncexitstack.py", line 18, in __call__
    await self.app(scope, receive, send)
          │    │   │      │        └ <function wrap_app_handling_exceptions.<locals>.wrapped_app.<locals>.sender at 0x00000240D2705BC0>
          │    │   │      └ <bound method RequestResponseCycle.receive of <uvicorn.protocols.http.h11_impl.RequestResponseCycle object at 0x00000240D270C...
          │    │   └ {'type': 'http', 'asgi': {'version': '3.0', 'spec_version': '2.3'}, 'http_version': '1.1', 'server': ('127.0.0.1', 8000), 'cl...
          │    └ <fastapi.routing.APIRouter object at 0x00000240D25EAFD0>
          └ <fastapi.middleware.asyncexitstack.AsyncExitStackMiddleware object at 0x00000240D25EF110>
  File "C:\Users\jabba\AppData\Local\Programs\Python\Python311\Lib\site-packages\starlette\routing.py", line 716, in __call__
    await self.middleware_stack(scope, receive, send)
          │    │                │      │        └ <function wrap_app_handling_exceptions.<locals>.wrapped_app.<locals>.sender at 0x00000240D2705BC0>
          │    │                │      └ <bound method RequestResponseCycle.receive of <uvicorn.protocols.http.h11_impl.RequestResponseCycle object at 0x00000240D270C...
          │    │                └ {'type': 'http', 'asgi': {'version': '3.0', 'spec_version': '2.3'}, 'http_version': '1.1', 'server': ('127.0.0.1', 8000), 'cl...
          │    └ <bound method Router.app of <fastapi.routing.APIRouter object at 0x00000240D25EAFD0>>
          └ <fastapi.routing.APIRouter object at 0x00000240D25EAFD0>
  File "C:\Users\jabba\AppData\Local\Programs\Python\Python311\Lib\site-packages\starlette\routing.py", line 736, in app
    await route.handle(scope, receive, send)
          │     │      │      │        └ <function wrap_app_handling_exceptions.<locals>.wrapped_app.<locals>.sender at 0x00000240D2705BC0>
          │     │      │      └ <bound method RequestResponseCycle.receive of <uvicorn.protocols.http.h11_impl.RequestResponseCycle object at 0x00000240D270C...
          │     │      └ {'type': 'http', 'asgi': {'version': '3.0', 'spec_version': '2.3'}, 'http_version': '1.1', 'server': ('127.0.0.1', 8000), 'cl...
          │     └ <function Route.handle at 0x00000240D017BBA0>
          └ APIRoute(path='/api/pipeline/run', name='run', methods=['POST'])
  File "C:\Users\jabba\AppData\Local\Programs\Python\Python311\Lib\site-packages\starlette\routing.py", line 290, in handle
    await self.app(scope, receive, send)
          │    │   │      │        └ <function wrap_app_handling_exceptions.<locals>.wrapped_app.<locals>.sender at 0x00000240D2705BC0>
          │    │   │      └ <bound method RequestResponseCycle.receive of <uvicorn.protocols.http.h11_impl.RequestResponseCycle object at 0x00000240D270C...
          │    │   └ {'type': 'http', 'asgi': {'version': '3.0', 'spec_version': '2.3'}, 'http_version': '1.1', 'server': ('127.0.0.1', 8000), 'cl...
          │    └ <function request_response.<locals>.app at 0x00000240D25D2340>
          └ APIRoute(path='/api/pipeline/run', name='run', methods=['POST'])
  File "C:\Users\jabba\AppData\Local\Programs\Python\Python311\Lib\site-packages\fastapi\routing.py", line 134, in app
    await wrap_app_handling_exceptions(app, request)(scope, receive, send)
          │                            │    │        │      │        └ <function wrap_app_handling_exceptions.<locals>.wrapped_app.<locals>.sender at 0x00000240D2705BC0>
          │                            │    │        │      └ <bound method RequestResponseCycle.receive of <uvicorn.protocols.http.h11_impl.RequestResponseCycle object at 0x00000240D270C...
          │                            │    │        └ {'type': 'http', 'asgi': {'version': '3.0', 'spec_version': '2.3'}, 'http_version': '1.1', 'server': ('127.0.0.1', 8000), 'cl...
          │                            │    └ <starlette.requests.Request object at 0x00000240D270CDD0>
          │                            └ <function request_response.<locals>.app.<locals>.app at 0x00000240D2705C60>
          └ <function wrap_app_handling_exceptions at 0x00000240D017A520>
  File "C:\Users\jabba\AppData\Local\Programs\Python\Python311\Lib\site-packages\starlette\_exception_handler.py", line 53, in wrapped_app
    raise exc
  File "C:\Users\jabba\AppData\Local\Programs\Python\Python311\Lib\site-packages\starlette\_exception_handler.py", line 42, in wrapped_app
    await app(scope, receive, sender)
          │   │      │        └ <function wrap_app_handling_exceptions.<locals>.wrapped_app.<locals>.sender at 0x00000240D2705DA0>
          │   │      └ <bound method RequestResponseCycle.receive of <uvicorn.protocols.http.h11_impl.RequestResponseCycle object at 0x00000240D270C...
          │   └ {'type': 'http', 'asgi': {'version': '3.0', 'spec_version': '2.3'}, 'http_version': '1.1', 'server': ('127.0.0.1', 8000), 'cl...
          └ <function request_response.<locals>.app.<locals>.app at 0x00000240D2705C60>
  File "C:\Users\jabba\AppData\Local\Programs\Python\Python311\Lib\site-packages\fastapi\routing.py", line 120, in app
    response = await f(request)
                     │ └ <starlette.requests.Request object at 0x00000240D270CDD0>
                     └ <function get_request_handler.<locals>.app at 0x00000240D25D22A0>
  File "C:\Users\jabba\AppData\Local\Programs\Python\Python311\Lib\site-packages\fastapi\routing.py", line 695, in app
    content = await serialize_response(
                    └ <function serialize_response at 0x00000240D01BDF80>
  File "C:\Users\jabba\AppData\Local\Programs\Python\Python311\Lib\site-packages\fastapi\routing.py", line 300, in serialize_response
    raise ResponseValidationError(
          └ <class 'fastapi.exceptions.ResponseValidationError'>

fastapi.exceptions.ResponseValidationError: 12 validation errors:
  {'type': 'missing', 'loc': ('response', 'hospitals', 0, 'city'), 'msg': 'Field required', 'input': {'id': 'h-001', 'name': 'Apollo Gleneagles', 'tier': 'premium', 'distance_km': 13.2, 'base_rate': 4500, 'success_rate': 0.96, 'wait_time_mins': 15, 'rating': 4.8, 'specialties': ['Neurology', 'Cardiology', 'Orthopedics'], 'score': 0.8022, 'score_breakdown': {'specialization': 1.0, 'cost_fit': 0.6, 'distance': 0.56, 'rating': 0.95}, 'cost_estimate': {'min': 54974, 'estimate': 64676, 'max': 74377, 'currency': 'INR', 'estimated_days': 12, 'breakdown': {'Room & Board': 24577, 'Diagnostics & Labs': 14229, 'Medication': 9055, 'Procedures & Surgery': 12935, 'Consultation Fees': 3881}, 'model_confidence': 0.857, 'disclaimer': 'Estimates based on average costs. Actual may vary. Get formal quote from hospital.'}}}
  {'type': 'missing', 'loc': ('response', 'hospitals', 0, 'er_capable'), 'msg': 'Field required', 'input': {'id': 'h-001', 'name': 'Apollo Gleneagles', 'tier': 'premium', 'distance_km': 13.2, 'base_rate': 4500, 'success_rate': 0.96, 'wait_time_mins': 15, 'rating': 4.8, 'specialties': ['Neurology', 'Cardiology', 'Orthopedics'], 'score': 0.8022, 'score_breakdown': {'specialization': 1.0, 'cost_fit': 0.6, 'distance': 0.56, 'rating': 0.95}, 'cost_estimate': {'min': 54974, 'estimate': 64676, 'max': 74377, 'currency': 'INR', 'estimated_days': 12, 'breakdown': {'Room & Board': 24577, 'Diagnostics & Labs': 14229, 'Medication': 9055, 'Procedures & Surgery': 12935, 'Consultation Fees': 3881}, 'model_confidence': 0.857, 'disclaimer': 'Estimates based on average costs. Actual may vary. Get formal quote from hospital.'}}}
  {'type': 'missing', 'loc': ('response', 'hospitals', 0, 'nabl_certified'), 'msg': 'Field required', 'input': {'id': 'h-001', 'name': 'Apollo Gleneagles', 'tier': 'premium', 'distance_km': 13.2, 'base_rate': 4500, 'success_rate': 0.96, 'wait_time_mins': 15, 'rating': 4.8, 'specialties': ['Neurology', 'Cardiology', 'Orthopedics'], 'score': 0.8022, 'score_breakdown': {'specialization': 1.0, 'cost_fit': 0.6, 'distance': 0.56, 'rating': 0.95}, 'cost_estimate': {'min': 54974, 'estimate': 64676, 'max': 74377, 'currency': 'INR', 'estimated_days': 12, 'breakdown': {'Room & Board': 24577, 'Diagnostics & Labs': 14229, 'Medication': 9055, 'Procedures & Surgery': 12935, 'Consultation Fees': 3881}, 'model_confidence': 0.857, 'disclaimer': 'Estimates based on average costs. Actual may vary. Get formal quote from hospital.'}}}
  {'type': 'missing', 'loc': ('response', 'hospitals', 0, 'jci_certified'), 'msg': 'Field required', 'input': {'id': 'h-001', 'name': 'Apollo Gleneagles', 'tier': 'premium', 'distance_km': 13.2, 'base_rate': 4500, 'success_rate': 0.96, 'wait_time_mins': 15, 'rating': 4.8, 'specialties': ['Neurology', 'Cardiology', 'Orthopedics'], 'score': 0.8022, 'score_breakdown': {'specialization': 1.0, 'cost_fit': 0.6, 'distance': 0.56, 'rating': 0.95}, 'cost_estimate': {'min': 54974, 'estimate': 64676, 'max': 74377, 'currency': 'INR', 'estimated_days': 12, 'breakdown': {'Room & Board': 24577, 'Diagnostics & Labs': 14229, 'Medication': 9055, 'Procedures & Surgery': 12935, 'Consultation Fees': 3881}, 'model_confidence': 0.857, 'disclaimer': 'Estimates based on average costs. Actual may vary. Get formal quote from hospital.'}}}
  {'type': 'missing', 'loc': ('response', 'hospitals', 1, 'city'), 'msg': 'Field required', 'input': {'id': 'h-002', 'name': 'Fortis Hospital', 'tier': 'super_specialty', 'distance_km': 5.8, 'base_rate': 3200, 'success_rate': 0.94, 'wait_time_mins': 25, 'rating': 4.6, 'specialties': ['Neurology', 'General Medicine'], 'score': 0.4821, 'score_breakdown': {'specialization': 0.0, 'cost_fit': 0.6, 'distance': 0.806, 'rating': 0.9}, 'cost_estimate': {'min': 54951, 'estimate': 64648, 'max': 74346, 'currency': 'INR', 'estimated_days': 12, 'breakdown': {'Room & Board': 24566, 'Diagnostics & Labs': 14223, 'Medication': 9051, 'Procedures & Surgery': 12930, 'Consultation Fees': 3879}, 'model_confidence': 0.847, 'disclaimer': 'Estimates based on average costs. Actual may vary. Get formal quote from hospital.'}}}
  {'type': 'missing', 'loc': ('response', 'hospitals', 1, 'er_capable'), 'msg': 'Field required', 'input': {'id': 'h-002', 'name': 'Fortis Hospital', 'tier': 'super_specialty', 'distance_km': 5.8, 'base_rate': 3200, 'success_rate': 0.94, 'wait_time_mins': 25, 'rating': 4.6, 'specialties': ['Neurology', 'General Medicine'], 'score': 0.4821, 'score_breakdown': {'specialization': 0.0, 'cost_fit': 0.6, 'distance': 0.806, 'rating': 0.9}, 'cost_estimate': {'min': 54951, 'estimate': 64648, 'max': 74346, 'currency': 'INR', 'estimated_days': 12, 'breakdown': {'Room & Board': 24566, 'Diagnostics & Labs': 14223, 'Medication': 9051, 'Procedures & Surgery': 12930, 'Consultation Fees': 3879}, 'model_confidence': 0.847, 'disclaimer': 'Estimates based on average costs. Actual may vary. Get formal quote from hospital.'}}}
  {'type': 'missing', 'loc': ('response', 'hospitals', 1, 'nabl_certified'), 'msg': 'Field required', 'input': {'id': 'h-002', 'name': 'Fortis Hospital', 'tier': 'super_specialty', 'distance_km': 5.8, 'base_rate': 3200, 'success_rate': 0.94, 'wait_time_mins': 25, 'rating': 4.6, 'specialties': ['Neurology', 'General Medicine'], 'score': 0.4821, 'score_breakdown': {'specialization': 0.0, 'cost_fit': 0.6, 'distance': 0.806, 'rating': 0.9}, 'cost_estimate': {'min': 54951, 'estimate': 64648, 'max': 74346, 'currency': 'INR', 'estimated_days': 12, 'breakdown': {'Room & Board': 24566, 'Diagnostics & Labs': 14223, 'Medication': 9051, 'Procedures & Surgery': 12930, 'Consultation Fees': 3879}, 'model_confidence': 0.847, 'disclaimer': 'Estimates based on average costs. Actual may vary. Get formal quote from hospital.'}}}
  {'type': 'missing', 'loc': ('response', 'hospitals', 1, 'jci_certified'), 'msg': 'Field required', 'input': {'id': 'h-002', 'name': 'Fortis Hospital', 'tier': 'super_specialty', 'distance_km': 5.8, 'base_rate': 3200, 'success_rate': 0.94, 'wait_time_mins': 25, 'rating': 4.6, 'specialties': ['Neurology', 'General Medicine'], 'score': 0.4821, 'score_breakdown': {'specialization': 0.0, 'cost_fit': 0.6, 'distance': 0.806, 'rating': 0.9}, 'cost_estimate': {'min': 54951, 'estimate': 64648, 'max': 74346, 'currency': 'INR', 'estimated_days': 12, 'breakdown': {'Room & Board': 24566, 'Diagnostics & Labs': 14223, 'Medication': 9051, 'Procedures & Surgery': 12930, 'Consultation Fees': 3879}, 'model_confidence': 0.847, 'disclaimer': 'Estimates based on average costs. Actual may vary. Get formal quote from hospital.'}}}
  {'type': 'missing', 'loc': ('response', 'hospitals', 2, 'city'), 'msg': 'Field required', 'input': {'id': 'h-003', 'name': 'City Care Clinic', 'tier': 'clinic', 'distance_km': 10.0, 'base_rate': 800, 'success_rate': 0.88, 'wait_time_mins': 5, 'rating': 4.2, 'specialties': ['General Medicine'], 'score': 0.4396, 'score_breakdown': {'specialization': 0.0, 'cost_fit': 0.6, 'distance': 0.667, 'rating': 0.8}, 'cost_estimate': {'min': 55165, 'estimate': 64900, 'max': 74635, 'currency': 'INR', 'estimated_days': 12, 'breakdown': {'Room & Board': 24662, 'Diagnostics & Labs': 14278, 'Medication': 9086, 'Procedures & Surgery': 12980, 'Consultation Fees': 3894}, 'model_confidence': 0.708, 'disclaimer': 'Estimates based on average costs. Actual may vary. Get formal quote from hospital.'}}}
  {'type': 'missing', 'loc': ('response', 'hospitals', 2, 'er_capable'), 'msg': 'Field required', 'input': {'id': 'h-003', 'name': 'City Care Clinic', 'tier': 'clinic', 'distance_km': 10.0, 'base_rate': 800, 'success_rate': 0.88, 'wait_time_mins': 5, 'rating': 4.2, 'specialties': ['General Medicine'], 'score': 0.4396, 'score_breakdown': {'specialization': 0.0, 'cost_fit': 0.6, 'distance': 0.667, 'rating': 0.8}, 'cost_estimate': {'min': 55165, 'estimate': 64900, 'max': 74635, 'currency': 'INR', 'estimated_days': 12, 'breakdown': {'Room & Board': 24662, 'Diagnostics & Labs': 14278, 'Medication': 9086, 'Procedures & Surgery': 12980, 'Consultation Fees': 3894}, 'model_confidence': 0.708, 'disclaimer': 'Estimates based on average costs. Actual may vary. Get formal quote from hospital.'}}}
  {'type': 'missing', 'loc': ('response', 'hospitals', 2, 'nabl_certified'), 'msg': 'Field required', 'input': {'id': 'h-003', 'name': 'City Care Clinic', 'tier': 'clinic', 'distance_km': 10.0, 'base_rate': 800, 'success_rate': 0.88, 'wait_time_mins': 5, 'rating': 4.2, 'specialties': ['General Medicine'], 'score': 0.4396, 'score_breakdown': {'specialization': 0.0, 'cost_fit': 0.6, 'distance': 0.667, 'rating': 0.8}, 'cost_estimate': {'min': 55165, 'estimate': 64900, 'max': 74635, 'currency': 'INR', 'estimated_days': 12, 'breakdown': {'Room & Board': 24662, 'Diagnostics & Labs': 14278, 'Medication': 9086, 'Procedures & Surgery': 12980, 'Consultation Fees': 3894}, 'model_confidence': 0.708, 'disclaimer': 'Estimates based on average costs. Actual may vary. Get formal quote from hospital.'}}}
  {'type': 'missing', 'loc': ('response', 'hospitals', 2, 'jci_certified'), 'msg': 'Field required', 'input': {'id': 'h-003', 'name': 'City Care Clinic', 'tier': 'clinic', 'distance_km': 10.0, 'base_rate': 800, 'success_rate': 0.88, 'wait_time_mins': 5, 'rating': 4.2, 'specialties': ['General Medicine'], 'score': 0.4396, 'score_breakdown': {'specialization': 0.0, 'cost_fit': 0.6, 'distance': 0.667, 'rating': 0.8}, 'cost_estimate': {'min': 55165, 'estimate': 64900, 'max': 74635, 'currency': 'INR', 'estimated_days': 12, 'breakdown': {'Room & Board': 24662, 'Diagnostics & Labs': 14278, 'Medication': 9086, 'Procedures & Surgery': 12980, 'Consultation Fees': 3894}, 'model_confidence': 0.708, 'disclaimer': 'Estimates based on average costs. Actual may vary. Get formal quote from hospital.'}}}

  File "C:\Healix\backend\api\pipeline.py", line 15, in run
    POST /api/pipeline/run
2026-04-26 10:02:13 | ERROR    | core.exceptions:generic_exception_handler:63 | Unhandled error at /api/pipeline/run: 12 validation errors:
  {'type': 'missing', 'loc': ('response', 'hospitals', 0, 'city'), 'msg': 'Field required', 'input': {'id': 'h-001', 'name': 'Apollo Gleneagles', 'tier': 'premium', 'distance_km': 9.8, 'base_rate': 4500, 'success_rate': 0.96, 'wait_time_mins': 15, 'rating': 4.8, 'specialties': ['Neurology', 'Cardiology', 'Orthopedics'], 'score': 0.8253, 'score_breakdown': {'specialization': 1.0, 'cost_fit': 0.6, 'distance': 0.673, 'rating': 0.95}, 'cost_estimate': {'min': 46414, 'estimate': 54604, 'max': 62795, 'currency': 'INR', 'estimated_days': 12, 'breakdown': {'Room & Board': 20750, 'Diagnostics & Labs': 12013, 'Medication': 7645, 'Procedures & Surgery': 10921, 'Consultation Fees': 3276}, 'model_confidence': 0.806, 'disclaimer': 'Estimates based on average costs. Actual may vary. Get formal quote from hospital.'}}}
  {'type': 'missing', 'loc': ('response', 'hospitals', 0, 'er_capable'), 'msg': 'Field required', 'input': {'id': 'h-001', 'name': 'Apollo Gleneagles', 'tier': 'premium', 'distance_km': 9.8, 'base_rate': 4500, 'success_rate': 0.96, 'wait_time_mins': 15, 'rating': 4.8, 'specialties': ['Neurology', 'Cardiology', 'Orthopedics'], 'score': 0.8253, 'score_breakdown': {'specialization': 1.0, 'cost_fit': 0.6, 'distance': 0.673, 'rating': 0.95}, 'cost_estimate': {'min': 46414, 'estimate': 54604, 'max': 62795, 'currency': 'INR', 'estimated_days': 12, 'breakdown': {'Room & Board': 20750, 'Diagnostics & Labs': 12013, 'Medication': 7645, 'Procedures & Surgery': 10921, 'Consultation Fees': 3276}, 'model_confidence': 0.806, 'disclaimer': 'Estimates based on average costs. Actual may vary. Get formal quote from hospital.'}}}
  {'type': 'missing', 'loc': ('response', 'hospitals', 0, 'nabl_certified'), 'msg': 'Field required', 'input': {'id': 'h-001', 'name': 'Apollo Gleneagles', 'tier': 'premium', 'distance_km': 9.8, 'base_rate': 4500, 'success_rate': 0.96, 'wait_time_mins': 15, 'rating': 4.8, 'specialties': ['Neurology', 'Cardiology', 'Orthopedics'], 'score': 0.8253, 'score_breakdown': {'specialization': 1.0, 'cost_fit': 0.6, 'distance': 0.673, 'rating': 0.95}, 'cost_estimate': {'min': 46414, 'estimate': 54604, 'max': 62795, 'currency': 'INR', 'estimated_days': 12, 'breakdown': {'Room & Board': 20750, 'Diagnostics & Labs': 12013, 'Medication': 7645, 'Procedures & Surgery': 10921, 'Consultation Fees': 3276}, 'model_confidence': 0.806, 'disclaimer': 'Estimates based on average costs. Actual may vary. Get formal quote from hospital.'}}}
  {'type': 'missing', 'loc': ('response', 'hospitals', 0, 'jci_certified'), 'msg': 'Field required', 'input': {'id': 'h-001', 'name': 'Apollo Gleneagles', 'tier': 'premium', 'distance_km': 9.8, 'base_rate': 4500, 'success_rate': 0.96, 'wait_time_mins': 15, 'rating': 4.8, 'specialties': ['Neurology', 'Cardiology', 'Orthopedics'], 'score': 0.8253, 'score_breakdown': {'specialization': 1.0, 'cost_fit': 0.6, 'distance': 0.673, 'rating': 0.95}, 'cost_estimate': {'min': 46414, 'estimate': 54604, 'max': 62795, 'currency': 'INR', 'estimated_days': 12, 'breakdown': {'Room & Board': 20750, 'Diagnostics & Labs': 12013, 'Medication': 7645, 'Procedures & Surgery': 10921, 'Consultation Fees': 3276}, 'model_confidence': 0.806, 'disclaimer': 'Estimates based on average costs. Actual may vary. Get formal quote from hospital.'}}}
  {'type': 'missing', 'loc': ('response', 'hospitals', 1, 'city'), 'msg': 'Field required', 'input': {'id': 'h-003', 'name': 'City Care Clinic', 'tier': 'clinic', 'distance_km': 5.0, 'base_rate': 800, 'success_rate': 0.88, 'wait_time_mins': 5, 'rating': 4.2, 'specialties': ['General Medicine'], 'score': 0.4947, 'score_breakdown': {'specialization': 0.0, 'cost_fit': 0.6, 'distance': 0.833, 'rating': 0.8}, 'cost_estimate': {'min': 57503, 'estimate': 67650, 'max': 77798, 'currency': 'INR', 'estimated_days': 12, 'breakdown': {'Room & Board': 25707, 'Diagnostics & Labs': 14883, 'Medication': 9471, 'Procedures & Surgery': 13530, 'Consultation Fees': 4059}, 'model_confidence': 0.759, 'disclaimer': 'Estimates based on average costs. Actual may vary. Get formal quote from hospital.'}}}
  {'type': 'missing', 'loc': ('response', 'hospitals', 1, 'er_capable'), 'msg': 'Field required', 'input': {'id': 'h-003', 'name': 'City Care Clinic', 'tier': 'clinic', 'distance_km': 5.0, 'base_rate': 800, 'success_rate': 0.88, 'wait_time_mins': 5, 'rating': 4.2, 'specialties': ['General Medicine'], 'score': 0.4947, 'score_breakdown': {'specialization': 0.0, 'cost_fit': 0.6, 'distance': 0.833, 'rating': 0.8}, 'cost_estimate': {'min': 57503, 'estimate': 67650, 'max': 77798, 'currency': 'INR', 'estimated_days': 12, 'breakdown': {'Room & Board': 25707, 'Diagnostics & Labs': 14883, 'Medication': 9471, 'Procedures & Surgery': 13530, 'Consultation Fees': 4059}, 'model_confidence': 0.759, 'disclaimer': 'Estimates based on average costs. Actual may vary. Get formal quote from hospital.'}}}
  {'type': 'missing', 'loc': ('response', 'hospitals', 1, 'nabl_certified'), 'msg': 'Field required', 'input': {'id': 'h-003', 'name': 'City Care Clinic', 'tier': 'clinic', 'distance_km': 5.0, 'base_rate': 800, 'success_rate': 0.88, 'wait_time_mins': 5, 'rating': 4.2, 'specialties': ['General Medicine'], 'score': 0.4947, 'score_breakdown': {'specialization': 0.0, 'cost_fit': 0.6, 'distance': 0.833, 'rating': 0.8}, 'cost_estimate': {'min': 57503, 'estimate': 67650, 'max': 77798, 'currency': 'INR', 'estimated_days': 12, 'breakdown': {'Room & Board': 25707, 'Diagnostics & Labs': 14883, 'Medication': 9471, 'Procedures & Surgery': 13530, 'Consultation Fees': 4059}, 'model_confidence': 0.759, 'disclaimer': 'Estimates based on average costs. Actual may vary. Get formal quote from hospital.'}}}
  {'type': 'missing', 'loc': ('response', 'hospitals', 1, 'jci_certified'), 'msg': 'Field required', 'input': {'id': 'h-003', 'name': 'City Care Clinic', 'tier': 'clinic', 'distance_km': 5.0, 'base_rate': 800, 'success_rate': 0.88, 'wait_time_mins': 5, 'rating': 4.2, 'specialties': ['General Medicine'], 'score': 0.4947, 'score_breakdown': {'specialization': 0.0, 'cost_fit': 0.6, 'distance': 0.833, 'rating': 0.8}, 'cost_estimate': {'min': 57503, 'estimate': 67650, 'max': 77798, 'currency': 'INR', 'estimated_days': 12, 'breakdown': {'Room & Board': 25707, 'Diagnostics & Labs': 14883, 'Medication': 9471, 'Procedures & Surgery': 13530, 'Consultation Fees': 4059}, 'model_confidence': 0.759, 'disclaimer': 'Estimates based on average costs. Actual may vary. Get formal quote from hospital.'}}}
  {'type': 'missing', 'loc': ('response', 'hospitals', 2, 'city'), 'msg': 'Field required', 'input': {'id': 'h-002', 'name': 'Fortis Hospital', 'tier': 'super_specialty', 'distance_km': 11.7, 'base_rate': 3200, 'success_rate': 0.94, 'wait_time_mins': 25, 'rating': 4.6, 'specialties': ['Neurology', 'General Medicine'], 'score': 0.4682, 'score_breakdown': {'specialization': 0.0, 'cost_fit': 0.6, 'distance': 0.611, 'rating': 0.9}, 'cost_estimate': {'min': 49799, 'estimate': 58587, 'max': 67376, 'currency': 'INR', 'estimated_days': 12, 'breakdown': {'Room & Board': 22263, 'Diagnostics & Labs': 12889, 'Medication': 8202, 'Procedures & Surgery': 11717, 'Consultation Fees': 3515}, 'model_confidence': 0.839, 'disclaimer': 'Estimates based on average costs. Actual may vary. Get formal quote from hospital.'}}}
  {'type': 'missing', 'loc': ('response', 'hospitals', 2, 'er_capable'), 'msg': 'Field required', 'input': {'id': 'h-002', 'name': 'Fortis Hospital', 'tier': 'super_specialty', 'distance_km': 11.7, 'base_rate': 3200, 'success_rate': 0.94, 'wait_time_mins': 25, 'rating': 4.6, 'specialties': ['Neurology', 'General Medicine'], 'score': 0.4682, 'score_breakdown': {'specialization': 0.0, 'cost_fit': 0.6, 'distance': 0.611, 'rating': 0.9}, 'cost_estimate': {'min': 49799, 'estimate': 58587, 'max': 67376, 'currency': 'INR', 'estimated_days': 12, 'breakdown': {'Room & Board': 22263, 'Diagnostics & Labs': 12889, 'Medication': 8202, 'Procedures & Surgery': 11717, 'Consultation Fees': 3515}, 'model_confidence': 0.839, 'disclaimer': 'Estimates based on average costs. Actual may vary. Get formal quote from hospital.'}}}
  {'type': 'missing', 'loc': ('response', 'hospitals', 2, 'nabl_certified'), 'msg': 'Field required', 'input': {'id': 'h-002', 'name': 'Fortis Hospital', 'tier': 'super_specialty', 'distance_km': 11.7, 'base_rate': 3200, 'success_rate': 0.94, 'wait_time_mins': 25, 'rating': 4.6, 'specialties': ['Neurology', 'General Medicine'], 'score': 0.4682, 'score_breakdown': {'specialization': 0.0, 'cost_fit': 0.6, 'distance': 0.611, 'rating': 0.9}, 'cost_estimate': {'min': 49799, 'estimate': 58587, 'max': 67376, 'currency': 'INR', 'estimated_days': 12, 'breakdown': {'Room & Board': 22263, 'Diagnostics & Labs': 12889, 'Medication': 8202, 'Procedures & Surgery': 11717, 'Consultation Fees': 3515}, 'model_confidence': 0.839, 'disclaimer': 'Estimates based on average costs. Actual may vary. Get formal quote from hospital.'}}}
  {'type': 'missing', 'loc': ('response', 'hospitals', 2, 'jci_certified'), 'msg': 'Field required', 'input': {'id': 'h-002', 'name': 'Fortis Hospital', 'tier': 'super_specialty', 'distance_km': 11.7, 'base_rate': 3200, 'success_rate': 0.94, 'wait_time_mins': 25, 'rating': 4.6, 'specialties': ['Neurology', 'General Medicine'], 'score': 0.4682, 'score_breakdown': {'specialization': 0.0, 'cost_fit': 0.6, 'distance': 0.611, 'rating': 0.9}, 'cost_estimate': {'min': 49799, 'estimate': 58587, 'max': 67376, 'currency': 'INR', 'estimated_days': 12, 'breakdown': {'Room & Board': 22263, 'Diagnostics & Labs': 12889, 'Medication': 8202, 'Procedures & Surgery': 11717, 'Consultation Fees': 3515}, 'model_confidence': 0.839, 'disclaimer': 'Estimates based on average costs. Actual may vary. Get formal quote from hospital.'}}}

  File "C:\Healix\backend\api\pipeline.py", line 15, in run
    POST /api/pipeline/run
Traceback (most recent call last):

  File "<frozen runpy>", line 198, in _run_module_as_main
  File "<frozen runpy>", line 88, in _run_code

  File "C:\Users\jabba\AppData\Local\Programs\Python\Python311\Scripts\uvicorn.exe\__main__.py", line 5, in <module>

  File "C:\Users\jabba\AppData\Local\Programs\Python\Python311\Lib\site-packages\click\core.py", line 1485, in __call__
    return self.main(*args, **kwargs)
           │    │     │       └ {}
           │    │     └ ()
           │    └ <function Command.main at 0x00000240CEF42CA0>
           └ <Command main>
  File "C:\Users\jabba\AppData\Local\Programs\Python\Python311\Lib\site-packages\click\core.py", line 1406, in main
    rv = self.invoke(ctx)
         │    │      └ <click.core.Context object at 0x00000240CC8C8CD0>
         │    └ <function Command.invoke at 0x00000240CEF42980>
         └ <Command main>
  File "C:\Users\jabba\AppData\Local\Programs\Python\Python311\Lib\site-packages\click\core.py", line 1269, in invoke
    return ctx.invoke(self.callback, **ctx.params)
           │   │      │    │           │   └ {'port': 8000, 'app': 'main:app', 'host': '127.0.0.1', 'uds': None, 'fd': None, 'reload': False, 'reload_dirs': (), 'reload_i...
           │   │      │    │           └ <click.core.Context object at 0x00000240CC8C8CD0>
           │   │      │    └ <function main at 0x00000240CF19C540>
           │   │      └ <Command main>
           │   └ <function Context.invoke at 0x00000240CEF41BC0>
           └ <click.core.Context object at 0x00000240CC8C8CD0>
  File "C:\Users\jabba\AppData\Local\Programs\Python\Python311\Lib\site-packages\click\core.py", line 824, in invoke
    return callback(*args, **kwargs)
           │         │       └ {'port': 8000, 'app': 'main:app', 'host': '127.0.0.1', 'uds': None, 'fd': None, 'reload': False, 'reload_dirs': (), 'reload_i...
           │         └ ()
           └ <function main at 0x00000240CF19C540>
  File "C:\Users\jabba\AppData\Local\Programs\Python\Python311\Lib\site-packages\uvicorn\main.py", line 433, in main
    run(
    └ <function run at 0x00000240CEF93EC0>
  File "C:\Users\jabba\AppData\Local\Programs\Python\Python311\Lib\site-packages\uvicorn\main.py", line 606, in run
    server.run()
    │      └ <function Server.run at 0x00000240CEFE3E20>
    └ <uvicorn.server.Server object at 0x00000240CEF02B90>
  File "C:\Users\jabba\AppData\Local\Programs\Python\Python311\Lib\site-packages\uvicorn\server.py", line 75, in run
    return asyncio_run(self.serve(sockets=sockets), loop_factory=self.config.get_loop_factory())
           │           │    │             │                      │    │      └ <function Config.get_loop_factory at 0x00000240CEF916C0>
           │           │    │             │                      │    └ <uvicorn.config.Config object at 0x00000240CF1A3C10>
           │           │    │             │                      └ <uvicorn.server.Server object at 0x00000240CEF02B90>
           │           │    │             └ None
           │           │    └ <function Server.serve at 0x00000240CEFE3EC0>
           │           └ <uvicorn.server.Server object at 0x00000240CEF02B90>
           └ <function asyncio_run at 0x00000240CEF49C60>
  File "C:\Users\jabba\AppData\Local\Programs\Python\Python311\Lib\site-packages\uvicorn\_compat.py", line 30, in asyncio_run
    return runner.run(main)
           │      │   └ <coroutine object Server.serve at 0x00000240CF198400>
           │      └ <function Runner.run at 0x00000240CE87B880>
           └ <asyncio.runners.Runner object at 0x00000240CF1A7750>
  File "C:\Users\jabba\AppData\Local\Programs\Python\Python311\Lib\asyncio\runners.py", line 118, in run
    return self._loop.run_until_complete(task)
           │    │     │                  └ <Task pending name='Task-1' coro=<Server.serve() running at C:\Users\jabba\AppData\Local\Programs\Python\Python311\Lib\site-p...
           │    │     └ <function BaseEventLoop.run_until_complete at 0x00000240CE8793A0>
           │    └ <ProactorEventLoop running=True closed=False debug=False>
           └ <asyncio.runners.Runner object at 0x00000240CF1A7750>
  File "C:\Users\jabba\AppData\Local\Programs\Python\Python311\Lib\asyncio\base_events.py", line 640, in run_until_complete
    self.run_forever()
    │    └ <function ProactorEventLoop.run_forever at 0x00000240CE949300>
    └ <ProactorEventLoop running=True closed=False debug=False>
  File "C:\Users\jabba\AppData\Local\Programs\Python\Python311\Lib\asyncio\windows_events.py", line 321, in run_forever
    super().run_forever()
  File "C:\Users\jabba\AppData\Local\Programs\Python\Python311\Lib\asyncio\base_events.py", line 607, in run_forever
    self._run_once()
    │    └ <function BaseEventLoop._run_once at 0x00000240CE87B100>
    └ <ProactorEventLoop running=True closed=False debug=False>
  File "C:\Users\jabba\AppData\Local\Programs\Python\Python311\Lib\asyncio\base_events.py", line 1922, in _run_once
    handle._run()
    │      └ <function Handle._run at 0x00000240CE7D0900>
    └ <Handle Task.task_wakeup(<Future finished result=None>)>
  File "C:\Users\jabba\AppData\Local\Programs\Python\Python311\Lib\asyncio\events.py", line 80, in _run
    self._context.run(self._callback, *self._args)
    │    │            │    │           │    └ <member '_args' of 'Handle' objects>
    │    │            │    │           └ <Handle Task.task_wakeup(<Future finished result=None>)>
    │    │            │    └ <member '_callback' of 'Handle' objects>
    │    │            └ <Handle Task.task_wakeup(<Future finished result=None>)>
    │    └ <member '_context' of 'Handle' objects>
    └ <Handle Task.task_wakeup(<Future finished result=None>)>
  File "C:\Users\jabba\AppData\Local\Programs\Python\Python311\Lib\site-packages\uvicorn\protocols\http\h11_impl.py", line 410, in run_asgi
    result = await app(  # type: ignore[func-returns-value]
                   └ <uvicorn.middleware.proxy_headers.ProxyHeadersMiddleware object at 0x00000240CF1A5650>
  File "C:\Users\jabba\AppData\Local\Programs\Python\Python311\Lib\site-packages\uvicorn\middleware\proxy_headers.py", line 60, in __call__
    return await self.app(scope, receive, send)
                 │    │   │      │        └ <bound method RequestResponseCycle.send of <uvicorn.protocols.http.h11_impl.RequestResponseCycle object at 0x00000240D275A710>>
                 │    │   │      └ <bound method RequestResponseCycle.receive of <uvicorn.protocols.http.h11_impl.RequestResponseCycle object at 0x00000240D275A...
                 │    │   └ {'type': 'http', 'asgi': {'version': '3.0', 'spec_version': '2.3'}, 'http_version': '1.1', 'server': ('127.0.0.1', 8000), 'cl...
                 │    └ <fastapi.applications.FastAPI object at 0x00000240D02C87D0>
                 └ <uvicorn.middleware.proxy_headers.ProxyHeadersMiddleware object at 0x00000240CF1A5650>
  File "C:\Users\jabba\AppData\Local\Programs\Python\Python311\Lib\site-packages\fastapi\applications.py", line 1159, in __call__
    await super().__call__(scope, receive, send)
                           │      │        └ <bound method RequestResponseCycle.send of <uvicorn.protocols.http.h11_impl.RequestResponseCycle object at 0x00000240D275A710>>
                           │      └ <bound method RequestResponseCycle.receive of <uvicorn.protocols.http.h11_impl.RequestResponseCycle object at 0x00000240D275A...
                           └ {'type': 'http', 'asgi': {'version': '3.0', 'spec_version': '2.3'}, 'http_version': '1.1', 'server': ('127.0.0.1', 8000), 'cl...
  File "C:\Users\jabba\AppData\Local\Programs\Python\Python311\Lib\site-packages\starlette\applications.py", line 107, in __call__
    await self.middleware_stack(scope, receive, send)
          │    │                │      │        └ <bound method RequestResponseCycle.send of <uvicorn.protocols.http.h11_impl.RequestResponseCycle object at 0x00000240D275A710>>
          │    │                │      └ <bound method RequestResponseCycle.receive of <uvicorn.protocols.http.h11_impl.RequestResponseCycle object at 0x00000240D275A...
          │    │                └ {'type': 'http', 'asgi': {'version': '3.0', 'spec_version': '2.3'}, 'http_version': '1.1', 'server': ('127.0.0.1', 8000), 'cl...
          │    └ <starlette.middleware.errors.ServerErrorMiddleware object at 0x00000240D25EF4D0>
          └ <fastapi.applications.FastAPI object at 0x00000240D02C87D0>
> File "C:\Users\jabba\AppData\Local\Programs\Python\Python311\Lib\site-packages\starlette\middleware\errors.py", line 164, in __call__
    await self.app(scope, receive, _send)
          │    │   │      │        └ <function ServerErrorMiddleware.__call__.<locals>._send at 0x00000240D2707100>
          │    │   │      └ <bound method RequestResponseCycle.receive of <uvicorn.protocols.http.h11_impl.RequestResponseCycle object at 0x00000240D275A...
          │    │   └ {'type': 'http', 'asgi': {'version': '3.0', 'spec_version': '2.3'}, 'http_version': '1.1', 'server': ('127.0.0.1', 8000), 'cl...
          │    └ <starlette.middleware.gzip.GZipMiddleware object at 0x00000240D25EF250>
          └ <starlette.middleware.errors.ServerErrorMiddleware object at 0x00000240D25EF4D0>
  File "C:\Users\jabba\AppData\Local\Programs\Python\Python311\Lib\site-packages\starlette\middleware\gzip.py", line 29, in __call__
    await responder(scope, receive, send)
          │         │      │        └ <function ServerErrorMiddleware.__call__.<locals>._send at 0x00000240D2707100>
          │         │      └ <bound method RequestResponseCycle.receive of <uvicorn.protocols.http.h11_impl.RequestResponseCycle object at 0x00000240D275A...
          │         └ {'type': 'http', 'asgi': {'version': '3.0', 'spec_version': '2.3'}, 'http_version': '1.1', 'server': ('127.0.0.1', 8000), 'cl...
          └ <starlette.middleware.gzip.IdentityResponder object at 0x00000240D2C6B690>
  File "C:\Users\jabba\AppData\Local\Programs\Python\Python311\Lib\site-packages\starlette\middleware\gzip.py", line 46, in __call__
    await self.app(scope, receive, self.send_with_compression)
          │    │   │      │        │    └ <function IdentityResponder.send_with_compression at 0x00000240D0261760>
          │    │   │      │        └ <starlette.middleware.gzip.IdentityResponder object at 0x00000240D2C6B690>
          │    │   │      └ <bound method RequestResponseCycle.receive of <uvicorn.protocols.http.h11_impl.RequestResponseCycle object at 0x00000240D275A...
          │    │   └ {'type': 'http', 'asgi': {'version': '3.0', 'spec_version': '2.3'}, 'http_version': '1.1', 'server': ('127.0.0.1', 8000), 'cl...
          │    └ <starlette.middleware.cors.CORSMiddleware object at 0x00000240D25EF190>
          └ <starlette.middleware.gzip.IdentityResponder object at 0x00000240D2C6B690>
  File "C:\Users\jabba\AppData\Local\Programs\Python\Python311\Lib\site-packages\starlette\middleware\cors.py", line 87, in __call__
    await self.app(scope, receive, send)
          │    │   │      │        └ <bound method IdentityResponder.send_with_compression of <starlette.middleware.gzip.IdentityResponder object at 0x00000240D2C...
          │    │   │      └ <bound method RequestResponseCycle.receive of <uvicorn.protocols.http.h11_impl.RequestResponseCycle object at 0x00000240D275A...
          │    │   └ {'type': 'http', 'asgi': {'version': '3.0', 'spec_version': '2.3'}, 'http_version': '1.1', 'server': ('127.0.0.1', 8000), 'cl...
          │    └ <starlette.middleware.exceptions.ExceptionMiddleware object at 0x00000240D0119D90>
          └ <starlette.middleware.cors.CORSMiddleware object at 0x00000240D25EF190>
  File "C:\Users\jabba\AppData\Local\Programs\Python\Python311\Lib\site-packages\starlette\middleware\exceptions.py", line 63, in __call__
    await wrap_app_handling_exceptions(self.app, conn)(scope, receive, send)
          │                            │    │    │     │      │        └ <bound method IdentityResponder.send_with_compression of <starlette.middleware.gzip.IdentityResponder object at 0x00000240D2C...
          │                            │    │    │     │      └ <bound method RequestResponseCycle.receive of <uvicorn.protocols.http.h11_impl.RequestResponseCycle object at 0x00000240D275A...
          │                            │    │    │     └ {'type': 'http', 'asgi': {'version': '3.0', 'spec_version': '2.3'}, 'http_version': '1.1', 'server': ('127.0.0.1', 8000), 'cl...
          │                            │    │    └ <starlette.requests.Request object at 0x00000240D2C69310>
          │                            │    └ <fastapi.middleware.asyncexitstack.AsyncExitStackMiddleware object at 0x00000240D25EF110>
          │                            └ <starlette.middleware.exceptions.ExceptionMiddleware object at 0x00000240D0119D90>
          └ <function wrap_app_handling_exceptions at 0x00000240D017A520>
  File "C:\Users\jabba\AppData\Local\Programs\Python\Python311\Lib\site-packages\starlette\_exception_handler.py", line 53, in wrapped_app
    raise exc
  File "C:\Users\jabba\AppData\Local\Programs\Python\Python311\Lib\site-packages\starlette\_exception_handler.py", line 42, in wrapped_app
    await app(scope, receive, sender)
          │   │      │        └ <function wrap_app_handling_exceptions.<locals>.wrapped_app.<locals>.sender at 0x00000240D2707240>
          │   │      └ <bound method RequestResponseCycle.receive of <uvicorn.protocols.http.h11_impl.RequestResponseCycle object at 0x00000240D275A...
          │   └ {'type': 'http', 'asgi': {'version': '3.0', 'spec_version': '2.3'}, 'http_version': '1.1', 'server': ('127.0.0.1', 8000), 'cl...
          └ <fastapi.middleware.asyncexitstack.AsyncExitStackMiddleware object at 0x00000240D25EF110>
  File "C:\Users\jabba\AppData\Local\Programs\Python\Python311\Lib\site-packages\fastapi\middleware\asyncexitstack.py", line 18, in __call__
    await self.app(scope, receive, send)
          │    │   │      │        └ <function wrap_app_handling_exceptions.<locals>.wrapped_app.<locals>.sender at 0x00000240D2707240>
          │    │   │      └ <bound method RequestResponseCycle.receive of <uvicorn.protocols.http.h11_impl.RequestResponseCycle object at 0x00000240D275A...
          │    │   └ {'type': 'http', 'asgi': {'version': '3.0', 'spec_version': '2.3'}, 'http_version': '1.1', 'server': ('127.0.0.1', 8000), 'cl...
          │    └ <fastapi.routing.APIRouter object at 0x00000240D25EAFD0>
          └ <fastapi.middleware.asyncexitstack.AsyncExitStackMiddleware object at 0x00000240D25EF110>
  File "C:\Users\jabba\AppData\Local\Programs\Python\Python311\Lib\site-packages\starlette\routing.py", line 716, in __call__
    await self.middleware_stack(scope, receive, send)
          │    │                │      │        └ <function wrap_app_handling_exceptions.<locals>.wrapped_app.<locals>.sender at 0x00000240D2707240>
          │    │                │      └ <bound method RequestResponseCycle.receive of <uvicorn.protocols.http.h11_impl.RequestResponseCycle object at 0x00000240D275A...
          │    │                └ {'type': 'http', 'asgi': {'version': '3.0', 'spec_version': '2.3'}, 'http_version': '1.1', 'server': ('127.0.0.1', 8000), 'cl...
          │    └ <bound method Router.app of <fastapi.routing.APIRouter object at 0x00000240D25EAFD0>>
          └ <fastapi.routing.APIRouter object at 0x00000240D25EAFD0>
  File "C:\Users\jabba\AppData\Local\Programs\Python\Python311\Lib\site-packages\starlette\routing.py", line 736, in app
    await route.handle(scope, receive, send)
          │     │      │      │        └ <function wrap_app_handling_exceptions.<locals>.wrapped_app.<locals>.sender at 0x00000240D2707240>
          │     │      │      └ <bound method RequestResponseCycle.receive of <uvicorn.protocols.http.h11_impl.RequestResponseCycle object at 0x00000240D275A...
          │     │      └ {'type': 'http', 'asgi': {'version': '3.0', 'spec_version': '2.3'}, 'http_version': '1.1', 'server': ('127.0.0.1', 8000), 'cl...
          │     └ <function Route.handle at 0x00000240D017BBA0>
          └ APIRoute(path='/api/pipeline/run', name='run', methods=['POST'])
  File "C:\Users\jabba\AppData\Local\Programs\Python\Python311\Lib\site-packages\starlette\routing.py", line 290, in handle
    await self.app(scope, receive, send)
          │    │   │      │        └ <function wrap_app_handling_exceptions.<locals>.wrapped_app.<locals>.sender at 0x00000240D2707240>
          │    │   │      └ <bound method RequestResponseCycle.receive of <uvicorn.protocols.http.h11_impl.RequestResponseCycle object at 0x00000240D275A...
          │    │   └ {'type': 'http', 'asgi': {'version': '3.0', 'spec_version': '2.3'}, 'http_version': '1.1', 'server': ('127.0.0.1', 8000), 'cl...
          │    └ <function request_response.<locals>.app at 0x00000240D25D2340>
          └ APIRoute(path='/api/pipeline/run', name='run', methods=['POST'])
  File "C:\Users\jabba\AppData\Local\Programs\Python\Python311\Lib\site-packages\fastapi\routing.py", line 134, in app
    await wrap_app_handling_exceptions(app, request)(scope, receive, send)
          │                            │    │        │      │        └ <function wrap_app_handling_exceptions.<locals>.wrapped_app.<locals>.sender at 0x00000240D2707240>
          │                            │    │        │      └ <bound method RequestResponseCycle.receive of <uvicorn.protocols.http.h11_impl.RequestResponseCycle object at 0x00000240D275A...
          │                            │    │        └ {'type': 'http', 'asgi': {'version': '3.0', 'spec_version': '2.3'}, 'http_version': '1.1', 'server': ('127.0.0.1', 8000), 'cl...
          │                            │    └ <starlette.requests.Request object at 0x00000240D2C70510>
          │                            └ <function request_response.<locals>.app.<locals>.app at 0x00000240D2705F80>
          └ <function wrap_app_handling_exceptions at 0x00000240D017A520>
  File "C:\Users\jabba\AppData\Local\Programs\Python\Python311\Lib\site-packages\starlette\_exception_handler.py", line 53, in wrapped_app
    raise exc
  File "C:\Users\jabba\AppData\Local\Programs\Python\Python311\Lib\site-packages\starlette\_exception_handler.py", line 42, in wrapped_app
    await app(scope, receive, sender)
          │   │      │        └ <function wrap_app_handling_exceptions.<locals>.wrapped_app.<locals>.sender at 0x00000240D274D620>
          │   │      └ <bound method RequestResponseCycle.receive of <uvicorn.protocols.http.h11_impl.RequestResponseCycle object at 0x00000240D275A...
          │   └ {'type': 'http', 'asgi': {'version': '3.0', 'spec_version': '2.3'}, 'http_version': '1.1', 'server': ('127.0.0.1', 8000), 'cl...
          └ <function request_response.<locals>.app.<locals>.app at 0x00000240D2705F80>
  File "C:\Users\jabba\AppData\Local\Programs\Python\Python311\Lib\site-packages\fastapi\routing.py", line 120, in app
    response = await f(request)
                     │ └ <starlette.requests.Request object at 0x00000240D2C70510>
                     └ <function get_request_handler.<locals>.app at 0x00000240D25D22A0>
  File "C:\Users\jabba\AppData\Local\Programs\Python\Python311\Lib\site-packages\fastapi\routing.py", line 695, in app
    content = await serialize_response(
                    └ <function serialize_response at 0x00000240D01BDF80>
  File "C:\Users\jabba\AppData\Local\Programs\Python\Python311\Lib\site-packages\fastapi\routing.py", line 300, in serialize_response
    raise ResponseValidationError(
          └ <class 'fastapi.exceptions.ResponseValidationError'>

fastapi.exceptions.ResponseValidationError: 12 validation errors:
  {'type': 'missing', 'loc': ('response', 'hospitals', 0, 'city'), 'msg': 'Field required', 'input': {'id': 'h-001', 'name': 'Apollo Gleneagles', 'tier': 'premium', 'distance_km': 9.8, 'base_rate': 4500, 'success_rate': 0.96, 'wait_time_mins': 15, 'rating': 4.8, 'specialties': ['Neurology', 'Cardiology', 'Orthopedics'], 'score': 0.8253, 'score_breakdown': {'specialization': 1.0, 'cost_fit': 0.6, 'distance': 0.673, 'rating': 0.95}, 'cost_estimate': {'min': 46414, 'estimate': 54604, 'max': 62795, 'currency': 'INR', 'estimated_days': 12, 'breakdown': {'Room & Board': 20750, 'Diagnostics & Labs': 12013, 'Medication': 7645, 'Procedures & Surgery': 10921, 'Consultation Fees': 3276}, 'model_confidence': 0.806, 'disclaimer': 'Estimates based on average costs. Actual may vary. Get formal quote from hospital.'}}}
  {'type': 'missing', 'loc': ('response', 'hospitals', 0, 'er_capable'), 'msg': 'Field required', 'input': {'id': 'h-001', 'name': 'Apollo Gleneagles', 'tier': 'premium', 'distance_km': 9.8, 'base_rate': 4500, 'success_rate': 0.96, 'wait_time_mins': 15, 'rating': 4.8, 'specialties': ['Neurology', 'Cardiology', 'Orthopedics'], 'score': 0.8253, 'score_breakdown': {'specialization': 1.0, 'cost_fit': 0.6, 'distance': 0.673, 'rating': 0.95}, 'cost_estimate': {'min': 46414, 'estimate': 54604, 'max': 62795, 'currency': 'INR', 'estimated_days': 12, 'breakdown': {'Room & Board': 20750, 'Diagnostics & Labs': 12013, 'Medication': 7645, 'Procedures & Surgery': 10921, 'Consultation Fees': 3276}, 'model_confidence': 0.806, 'disclaimer': 'Estimates based on average costs. Actual may vary. Get formal quote from hospital.'}}}
  {'type': 'missing', 'loc': ('response', 'hospitals', 0, 'nabl_certified'), 'msg': 'Field required', 'input': {'id': 'h-001', 'name': 'Apollo Gleneagles', 'tier': 'premium', 'distance_km': 9.8, 'base_rate': 4500, 'success_rate': 0.96, 'wait_time_mins': 15, 'rating': 4.8, 'specialties': ['Neurology', 'Cardiology', 'Orthopedics'], 'score': 0.8253, 'score_breakdown': {'specialization': 1.0, 'cost_fit': 0.6, 'distance': 0.673, 'rating': 0.95}, 'cost_estimate': {'min': 46414, 'estimate': 54604, 'max': 62795, 'currency': 'INR', 'estimated_days': 12, 'breakdown': {'Room & Board': 20750, 'Diagnostics & Labs': 12013, 'Medication': 7645, 'Procedures & Surgery': 10921, 'Consultation Fees': 3276}, 'model_confidence': 0.806, 'disclaimer': 'Estimates based on average costs. Actual may vary. Get formal quote from hospital.'}}}
  {'type': 'missing', 'loc': ('response', 'hospitals', 0, 'jci_certified'), 'msg': 'Field required', 'input': {'id': 'h-001', 'name': 'Apollo Gleneagles', 'tier': 'premium', 'distance_km': 9.8, 'base_rate': 4500, 'success_rate': 0.96, 'wait_time_mins': 15, 'rating': 4.8, 'specialties': ['Neurology', 'Cardiology', 'Orthopedics'], 'score': 0.8253, 'score_breakdown': {'specialization': 1.0, 'cost_fit': 0.6, 'distance': 0.673, 'rating': 0.95}, 'cost_estimate': {'min': 46414, 'estimate': 54604, 'max': 62795, 'currency': 'INR', 'estimated_days': 12, 'breakdown': {'Room & Board': 20750, 'Diagnostics & Labs': 12013, 'Medication': 7645, 'Procedures & Surgery': 10921, 'Consultation Fees': 3276}, 'model_confidence': 0.806, 'disclaimer': 'Estimates based on average costs. Actual may vary. Get formal quote from hospital.'}}}
  {'type': 'missing', 'loc': ('response', 'hospitals', 1, 'city'), 'msg': 'Field required', 'input': {'id': 'h-003', 'name': 'City Care Clinic', 'tier': 'clinic', 'distance_km': 5.0, 'base_rate': 800, 'success_rate': 0.88, 'wait_time_mins': 5, 'rating': 4.2, 'specialties': ['General Medicine'], 'score': 0.4947, 'score_breakdown': {'specialization': 0.0, 'cost_fit': 0.6, 'distance': 0.833, 'rating': 0.8}, 'cost_estimate': {'min': 57503, 'estimate': 67650, 'max': 77798, 'currency': 'INR', 'estimated_days': 12, 'breakdown': {'Room & Board': 25707, 'Diagnostics & Labs': 14883, 'Medication': 9471, 'Procedures & Surgery': 13530, 'Consultation Fees': 4059}, 'model_confidence': 0.759, 'disclaimer': 'Estimates based on average costs. Actual may vary. Get formal quote from hospital.'}}}
  {'type': 'missing', 'loc': ('response', 'hospitals', 1, 'er_capable'), 'msg': 'Field required', 'input': {'id': 'h-003', 'name': 'City Care Clinic', 'tier': 'clinic', 'distance_km': 5.0, 'base_rate': 800, 'success_rate': 0.88, 'wait_time_mins': 5, 'rating': 4.2, 'specialties': ['General Medicine'], 'score': 0.4947, 'score_breakdown': {'specialization': 0.0, 'cost_fit': 0.6, 'distance': 0.833, 'rating': 0.8}, 'cost_estimate': {'min': 57503, 'estimate': 67650, 'max': 77798, 'currency': 'INR', 'estimated_days': 12, 'breakdown': {'Room & Board': 25707, 'Diagnostics & Labs': 14883, 'Medication': 9471, 'Procedures & Surgery': 13530, 'Consultation Fees': 4059}, 'model_confidence': 0.759, 'disclaimer': 'Estimates based on average costs. Actual may vary. Get formal quote from hospital.'}}}
  {'type': 'missing', 'loc': ('response', 'hospitals', 1, 'nabl_certified'), 'msg': 'Field required', 'input': {'id': 'h-003', 'name': 'City Care Clinic', 'tier': 'clinic', 'distance_km': 5.0, 'base_rate': 800, 'success_rate': 0.88, 'wait_time_mins': 5, 'rating': 4.2, 'specialties': ['General Medicine'], 'score': 0.4947, 'score_breakdown': {'specialization': 0.0, 'cost_fit': 0.6, 'distance': 0.833, 'rating': 0.8}, 'cost_estimate': {'min': 57503, 'estimate': 67650, 'max': 77798, 'currency': 'INR', 'estimated_days': 12, 'breakdown': {'Room & Board': 25707, 'Diagnostics & Labs': 14883, 'Medication': 9471, 'Procedures & Surgery': 13530, 'Consultation Fees': 4059}, 'model_confidence': 0.759, 'disclaimer': 'Estimates based on average costs. Actual may vary. Get formal quote from hospital.'}}}
  {'type': 'missing', 'loc': ('response', 'hospitals', 1, 'jci_certified'), 'msg': 'Field required', 'input': {'id': 'h-003', 'name': 'City Care Clinic', 'tier': 'clinic', 'distance_km': 5.0, 'base_rate': 800, 'success_rate': 0.88, 'wait_time_mins': 5, 'rating': 4.2, 'specialties': ['General Medicine'], 'score': 0.4947, 'score_breakdown': {'specialization': 0.0, 'cost_fit': 0.6, 'distance': 0.833, 'rating': 0.8}, 'cost_estimate': {'min': 57503, 'estimate': 67650, 'max': 77798, 'currency': 'INR', 'estimated_days': 12, 'breakdown': {'Room & Board': 25707, 'Diagnostics & Labs': 14883, 'Medication': 9471, 'Procedures & Surgery': 13530, 'Consultation Fees': 4059}, 'model_confidence': 0.759, 'disclaimer': 'Estimates based on average costs. Actual may vary. Get formal quote from hospital.'}}}
  {'type': 'missing', 'loc': ('response', 'hospitals', 2, 'city'), 'msg': 'Field required', 'input': {'id': 'h-002', 'name': 'Fortis Hospital', 'tier': 'super_specialty', 'distance_km': 11.7, 'base_rate': 3200, 'success_rate': 0.94, 'wait_time_mins': 25, 'rating': 4.6, 'specialties': ['Neurology', 'General Medicine'], 'score': 0.4682, 'score_breakdown': {'specialization': 0.0, 'cost_fit': 0.6, 'distance': 0.611, 'rating': 0.9}, 'cost_estimate': {'min': 49799, 'estimate': 58587, 'max': 67376, 'currency': 'INR', 'estimated_days': 12, 'breakdown': {'Room & Board': 22263, 'Diagnostics & Labs': 12889, 'Medication': 8202, 'Procedures & Surgery': 11717, 'Consultation Fees': 3515}, 'model_confidence': 0.839, 'disclaimer': 'Estimates based on average costs. Actual may vary. Get formal quote from hospital.'}}}
  {'type': 'missing', 'loc': ('response', 'hospitals', 2, 'er_capable'), 'msg': 'Field required', 'input': {'id': 'h-002', 'name': 'Fortis Hospital', 'tier': 'super_specialty', 'distance_km': 11.7, 'base_rate': 3200, 'success_rate': 0.94, 'wait_time_mins': 25, 'rating': 4.6, 'specialties': ['Neurology', 'General Medicine'], 'score': 0.4682, 'score_breakdown': {'specialization': 0.0, 'cost_fit': 0.6, 'distance': 0.611, 'rating': 0.9}, 'cost_estimate': {'min': 49799, 'estimate': 58587, 'max': 67376, 'currency': 'INR', 'estimated_days': 12, 'breakdown': {'Room & Board': 22263, 'Diagnostics & Labs': 12889, 'Medication': 8202, 'Procedures & Surgery': 11717, 'Consultation Fees': 3515}, 'model_confidence': 0.839, 'disclaimer': 'Estimates based on average costs. Actual may vary. Get formal quote from hospital.'}}}
  {'type': 'missing', 'loc': ('response', 'hospitals', 2, 'nabl_certified'), 'msg': 'Field required', 'input': {'id': 'h-002', 'name': 'Fortis Hospital', 'tier': 'super_specialty', 'distance_km': 11.7, 'base_rate': 3200, 'success_rate': 0.94, 'wait_time_mins': 25, 'rating': 4.6, 'specialties': ['Neurology', 'General Medicine'], 'score': 0.4682, 'score_breakdown': {'specialization': 0.0, 'cost_fit': 0.6, 'distance': 0.611, 'rating': 0.9}, 'cost_estimate': {'min': 49799, 'estimate': 58587, 'max': 67376, 'currency': 'INR', 'estimated_days': 12, 'breakdown': {'Room & Board': 22263, 'Diagnostics & Labs': 12889, 'Medication': 8202, 'Procedures & Surgery': 11717, 'Consultation Fees': 3515}, 'model_confidence': 0.839, 'disclaimer': 'Estimates based on average costs. Actual may vary. Get formal quote from hospital.'}}}
  {'type': 'missing', 'loc': ('response', 'hospitals', 2, 'jci_certified'), 'msg': 'Field required', 'input': {'id': 'h-002', 'name': 'Fortis Hospital', 'tier': 'super_specialty', 'distance_km': 11.7, 'base_rate': 3200, 'success_rate': 0.94, 'wait_time_mins': 25, 'rating': 4.6, 'specialties': ['Neurology', 'General Medicine'], 'score': 0.4682, 'score_breakdown': {'specialization': 0.0, 'cost_fit': 0.6, 'distance': 0.611, 'rating': 0.9}, 'cost_estimate': {'min': 49799, 'estimate': 58587, 'max': 67376, 'currency': 'INR', 'estimated_days': 12, 'breakdown': {'Room & Board': 22263, 'Diagnostics & Labs': 12889, 'Medication': 8202, 'Procedures & Surgery': 11717, 'Consultation Fees': 3515}, 'model_confidence': 0.839, 'disclaimer': 'Estimates based on average costs. Actual may vary. Get formal quote from hospital.'}}}

  File "C:\Healix\backend\api\pipeline.py", line 15, in run
    POST /api/pipeline/run
